[09:31:28.866] Failed to open the port. : System.IO.IOException: 'COM3' 포트가 없습니다.
   위치: System.IO.Ports.InternalResources.WinIOError(Int32 errorCode, String str)
   위치: System.IO.Ports.SerialStream..ctor(String portName, Int32 baudRate, Parity parity, Int32 dataBits, StopBits stopBits, Int32 readTimeout, Int32 writeTimeout, Handshake handshake, Boolean dtrEnable, Boolean rtsEnable, Boolean discardNull, Byte parityReplace)
   위치: System.IO.Ports.SerialPort.Open()
   위치: LG_Chem.Device.Light.LightSerialCom.PortOpen() 파일 E:\LG화학\최신 백업\LG Chem\LG_Chem\Device\Light\LightSerialCom.cs:줄 71
[09:32:37.431] Serial Com COM3 not open.
[09:32:37.446] Serial Com COM3 not open.
[09:32:37.505] 카메라 파라미터 적용 실패
[09:32:37.557] 카메라 파라미터 저장 완료
[09:32:45.295] Serial Com COM3 not open.
[09:32:45.312] Serial Com COM3 not open.
[09:32:45.349] 카메라 파라미터 적용 실패
[09:32:45.406] 카메라 파라미터 저장 완료
[09:32:48.631] Serial Com COM3 not open.
[09:32:48.647] Serial Com COM3 not open.
[09:55:54.708] Failed to open the port. : System.IO.IOException: 'COM3' 포트가 없습니다.
   위치: System.IO.Ports.InternalResources.WinIOError(Int32 errorCode, String str)
   위치: System.IO.Ports.SerialStream..ctor(String portName, Int32 baudRate, Parity parity, Int32 dataBits, StopBits stopBits, Int32 readTimeout, Int32 writeTimeout, Handshake handshake, Boolean dtrEnable, Boolean rtsEnable, Boolean discardNull, Byte parityReplace)
   위치: System.IO.Ports.SerialPort.Open()
   위치: LG_Chem.Device.Light.LightSerialCom.PortOpen() 파일 E:\LG화학\최신 백업\LG Chem\LG_Chem\Device\Light\LightSerialCom.cs:줄 71
[10:08:18.523] Serial Com COM3 not open.
[10:08:18.625] Serial Com COM3 not open.
[10:08:19.086] Serial Com COM3 not open.
[10:08:19.101] Serial Com COM3 not open.
[10:08:19.694] Serial Com COM3 not open.
[10:08:19.708] Serial Com COM3 not open.
[10:08:35.854] Serial Com COM3 not open.
[10:08:35.869] Serial Com COM3 not open.
