[09:13:42.484] Image Matching Fail
[09:13:43.053] Save SubImage success.
[09:13:48.247] Save SubImage success.
[09:14:35.367] 카메라 파라미터 적용 완료
[09:14:35.376] 카메라 파라미터 저장 완료
[09:15:49.688] Image Matching Fail
[09:15:50.248] Save SubImage success.
[09:15:55.369] Save SubImage success.
[09:16:00.297] Save SubImage success.
[09:16:05.355] Save SubImage success.
[09:16:10.358] Save SubImage success.
[09:16:15.251] Save SubImage success.
[09:16:19.834] Save SubImage success.
[09:16:24.352] Save SubImage success.
[09:16:29.270] Save SubImage success.
[09:16:34.540] Image Matching Fail
[09:16:35.079] Save SubImage success.
[14:12:44.609] Image Matching Fail
[14:12:45.152] Save SubImage success.
[14:12:50.229] Save SubImage success.
[14:12:55.169] Save SubImage success.
[14:13:00.222] Save SubImage success.
[14:13:05.221] Save SubImage success.
[14:13:10.118] Save SubImage success.
[14:13:14.690] Save SubImage success.
[14:13:19.221] Save SubImage success.
[14:13:23.637] Save SubImage success.
[14:13:30.354] Image Matching Fail
[14:13:30.901] Save SubImage success.
[14:14:31.443] Image Matching Fail
[14:14:31.988] Save SubImage success.
[14:14:37.055] Save SubImage success.
[14:14:41.455] Save SubImage success.
[14:14:46.507] Save SubImage success.
[14:14:51.504] Save SubImage success.
[14:14:55.888] Save SubImage success.
[14:15:00.464] Save SubImage success.
[14:15:05.006] Save SubImage success.
[14:15:09.913] Save SubImage success.
[14:15:15.805] Image Matching Fail
[14:15:16.350] Save SubImage success.
[14:16:58.862] Image Matching Fail
[14:16:59.408] Save SubImage success.
[14:17:04.503] Save SubImage success.
[14:17:08.912] Save SubImage success.
[14:17:13.948] Save SubImage success.
[14:17:18.967] Save SubImage success.
[14:17:23.352] Save SubImage success.
[14:17:27.939] Save SubImage success.
[14:17:32.460] Save SubImage success.
[14:17:37.378] Save SubImage success.
[14:17:44.097] Image Matching Fail
[14:17:44.640] Save SubImage success.
[14:18:17.697] Image Matching Fail
[14:18:18.251] Save SubImage success.
[14:18:22.801] Save SubImage success.
[14:18:27.682] Save SubImage success.
[14:18:32.697] Save SubImage success.
[14:18:37.152] Save SubImage success.
[14:18:42.019] Save SubImage success.
[14:18:47.035] Save SubImage success.
[14:18:51.516] Save SubImage success.
[14:18:55.885] Save SubImage success.
[14:19:21.038] Image Matching Fail
[14:19:21.589] Save SubImage success.
[14:20:43.705] History Image Matching Fail
[14:20:49.885] History Image Matching Fail
[14:21:05.880] History Image Matching Fail
[15:14:49.515] History Image Matching Fail
[15:14:56.437] Image Matching Fail
[15:14:56.984] Save SubImage success.
[15:15:01.549] Save SubImage success.
[15:15:06.431] Save SubImage success.
[15:15:10.947] Save SubImage success.
[15:15:15.910] Save SubImage success.
[15:15:20.771] Save SubImage success.
[15:15:25.290] Save SubImage success.
[15:15:30.274] Save SubImage success.
[15:15:34.644] Save SubImage success.
[15:15:41.950] Image Matching Fail
[15:15:42.492] Save SubImage success.
[15:15:50.542] History Image Matching Fail
[15:16:57.366] Image Matching Fail
[15:16:57.921] Save SubImage success.
[15:17:02.523] Save SubImage success.
[15:17:06.917] Save SubImage success.
[15:17:11.938] Save SubImage success.
[15:17:16.436] Save SubImage success.
[15:17:20.826] Save SubImage success.
[15:17:25.375] Save SubImage success.
[15:17:30.378] Save SubImage success.
[15:17:35.289] Save SubImage success.
[15:29:57.441] Image Matching Fail
[15:29:57.990] Save SubImage success.
[15:30:03.072] Save SubImage success.
[15:30:07.963] Save SubImage success.
[15:30:13.004] Save SubImage success.
[15:30:17.987] Save SubImage success.
[15:30:22.382] Save SubImage success.
[15:30:26.892] Save SubImage success.
[15:30:31.902] Save SubImage success.
[15:30:36.800] Save SubImage success.
[15:30:42.619] Image Matching Fail
[15:30:43.165] Save SubImage success.
[15:31:21.562] History Image Matching Fail
[15:31:35.208] History Image Matching Fail
[15:31:45.193] Image Matching Fail
[15:31:45.733] Save SubImage success.
[15:31:50.777] Save SubImage success.
[15:31:55.672] Save SubImage success.
[15:32:00.182] Save SubImage success.
[15:32:05.146] Save SubImage success.
[15:32:10.018] Save SubImage success.
[15:32:15.039] Save SubImage success.
[15:32:19.524] Save SubImage success.
[15:32:23.901] Save SubImage success.
[15:32:28.789] Image Matching Fail
[15:32:29.345] Save SubImage success.
[15:33:07.677] Image Matching Fail
[15:33:08.218] Save SubImage success.
[15:33:12.756] Save SubImage success.
[15:33:17.627] Save SubImage success.
[15:33:22.649] Save SubImage success.
[15:33:27.612] Save SubImage success.
[15:33:47.356] History Image Matching Fail
[15:35:05.954] Image Matching Fail
[15:35:06.508] Save SubImage success.
[15:35:11.598] Save SubImage success.
[15:35:15.984] Save SubImage success.
[15:35:20.535] Save SubImage success.
[15:35:25.543] Save SubImage success.
[15:35:30.442] Save SubImage success.
[15:35:35.522] Save SubImage success.
[15:35:40.558] Save SubImage success.
[15:37:27.988] Image Matching Fail
[15:37:28.531] Save SubImage success.
[15:37:33.627] Save SubImage success.
[15:37:38.524] Save SubImage success.
[15:37:43.079] Save SubImage success.
[15:37:48.083] Save SubImage success.
[15:37:52.986] Save SubImage success.
[15:37:57.541] Save SubImage success.
[15:38:02.564] Save SubImage success.
[15:38:07.476] Save SubImage success.
[15:38:12.885] Image Matching Fail
[15:38:13.425] Save SubImage success.
[15:38:26.283] History Image Matching Fail
[15:38:31.281] History Image Matching Fail
[15:57:16.406] Image Matching Fail
[15:57:16.955] Save SubImage success.
[15:57:22.058] Save SubImage success.
[15:57:26.968] Save SubImage success.
[15:57:31.521] Save SubImage success.
[15:57:36.514] Save SubImage success.
[15:57:41.413] Save SubImage success.
[15:57:46.453] Save SubImage success.
[15:57:51.466] Save SubImage success.
[15:57:55.864] Save SubImage success.
[15:58:02.046] Image Matching Fail
[15:58:02.599] Save SubImage success.
[16:03:57.914] Image Matching Fail
[16:03:58.458] Save SubImage success.
[16:04:03.588] Save SubImage success.
[16:04:08.470] Save SubImage success.
[16:04:13.548] Save SubImage success.
[16:04:18.536] Save SubImage success.
[16:04:22.911] Save SubImage success.
[16:04:27.970] Save SubImage success.
[16:04:33.002] Save SubImage success.
[16:04:37.906] Save SubImage success.
[16:04:43.369] Image Matching Fail
[16:04:43.911] Save SubImage success.
[16:28:46.848] Image Matching Fail
[16:28:47.396] Save SubImage success.
[16:28:52.463] Save SubImage success.
[16:28:56.867] Save SubImage success.
[16:29:01.908] Save SubImage success.
[16:29:06.377] Save SubImage success.
[16:29:10.769] Save SubImage success.
[16:29:15.321] Save SubImage success.
[16:29:20.342] Save SubImage success.
[16:29:25.238] Save SubImage success.
[16:30:35.494] Image Matching Fail
[16:30:36.036] Save SubImage success.
[16:35:54.339] Image Matching Fail
[16:35:54.880] Save SubImage success.
[16:35:59.435] Save SubImage success.
[16:36:04.304] Save SubImage success.
[16:36:08.818] Save SubImage success.
[16:36:13.276] Save SubImage success.
[16:36:17.647] Save SubImage success.
[16:36:22.673] Save SubImage success.
[16:36:27.652] Save SubImage success.
[16:36:32.017] Save SubImage success.
[16:36:40.006] Image Matching Fail
[16:36:40.549] Save SubImage success.
[16:36:48.807] History Image Matching Fail
[16:36:55.973] History Image Matching Fail
[16:37:59.374] 카메라 파라미터 적용 완료
[16:37:59.375] 카메라 파라미터 저장 완료
[16:45:16.967] 카메라 파라미터 적용 완료
[16:45:16.968] 카메라 파라미터 저장 완료
[16:48:10.497] Save SubImage success.
[16:48:15.611] Save SubImage success.
[16:48:20.003] Save SubImage success.
[16:48:24.529] Save SubImage success.
[16:48:29.555] Save SubImage success.
[16:48:34.442] Save SubImage success.
[16:48:39.007] Save SubImage success.
[16:48:44.065] Save SubImage success.
[16:48:48.480] Save SubImage success.
[16:48:53.376] Save SubImage success.
[16:49:14.796] Save SubImage success.
[16:49:19.402] Save SubImage success.
[16:49:23.803] Save SubImage success.
[16:49:28.848] Save SubImage success.
[16:49:33.868] Save SubImage success.
[16:49:38.801] Save SubImage success.
[16:49:43.866] Save SubImage success.
[16:49:48.919] Save SubImage success.
[16:49:53.317] Save SubImage success.
[16:49:58.235] Save SubImage success.
[16:50:14.460] Save SubImage success.
[16:50:19.581] Save SubImage success.
[16:50:24.492] Save SubImage success.
[16:50:29.531] Save SubImage success.
[16:50:34.547] Save SubImage success.
[16:50:38.940] Save SubImage success.
[16:50:44.025] Save SubImage success.
[16:50:49.072] Save SubImage success.
[16:50:53.475] Save SubImage success.
[16:50:58.382] Save SubImage success.
[16:56:38.001] Save SubImage success.
[16:56:43.138] Save SubImage success.
[16:56:48.069] Save SubImage success.
[16:56:53.132] Save SubImage success.
[16:56:58.176] Save SubImage success.
[16:57:02.593] Save SubImage success.
[16:57:07.155] Save SubImage success.
[16:57:11.724] Save SubImage success.
[16:57:16.639] Save SubImage success.
[16:57:21.582] Save SubImage success.
[17:23:05.768] Save SubImage success.
[17:23:10.921] Save SubImage success.
[17:23:15.847] Save SubImage success.
[17:23:20.896] Save SubImage success.
[17:23:25.436] Save SubImage success.
[17:23:30.336] Save SubImage success.
[17:23:35.395] Save SubImage success.
[17:23:39.929] Save SubImage success.
[17:23:44.862] Save SubImage success.
[17:23:49.766] Save SubImage success.
[17:24:56.242] History Image Matching Fail
[17:25:20.551] History Image Matching Fail
[17:27:12.715] 카메라 파라미터 적용 완료
[17:27:12.716] 카메라 파라미터 저장 완료
[17:34:48.653] Image Matching Fail
[17:34:49.207] Save SubImage success.
[17:35:36.729] Image Matching Fail
[17:35:37.278] Save SubImage success.
[17:35:41.898] Save SubImage success.
[17:35:46.792] Save SubImage success.
[17:35:51.326] Save SubImage success.
[17:35:56.348] Save SubImage success.
[17:36:01.239] Save SubImage success.
[17:36:05.785] Save SubImage success.
[17:36:10.822] Save SubImage success.
[17:36:15.708] Save SubImage success.
[17:48:57.027] History Image Matching Fail
[17:51:14.776] History Image Matching Fail
[17:52:11.192] History Image Matching Fail
[17:52:15.310] History Image Matching Fail
[20:56:12.193] Image Matching Fail
[20:56:12.740] Save SubImage success.
[20:57:19.799] Save SubImage success.
[20:57:24.901] Save SubImage success.
[20:57:29.290] Save SubImage success.
[20:57:33.845] Save SubImage success.
[20:57:38.856] Save SubImage success.
[20:57:43.742] Save SubImage success.
[20:57:48.293] Save SubImage success.
[20:57:53.327] Save SubImage success.
[20:57:58.213] Save SubImage success.
[20:58:03.230] Save SubImage success.
[20:58:21.739] Save SubImage success.
[20:58:26.851] Save SubImage success.
[20:58:31.770] Save SubImage success.
[20:58:36.344] Save SubImage success.
[20:58:40.865] Save SubImage success.
[20:58:45.755] Save SubImage success.
[20:58:50.394] Save SubImage success.
[20:58:55.449] Save SubImage success.
[20:59:00.435] Save SubImage success.
[20:59:04.984] Save SubImage success.
[21:00:44.176] Save SubImage success.
[21:00:49.290] Save SubImage success.
[21:00:54.192] Save SubImage success.
[21:00:58.766] Save SubImage success.
[21:01:03.292] Save SubImage success.
[21:01:08.189] Save SubImage success.
[21:01:12.767] Save SubImage success.
[21:01:17.334] Save SubImage success.
[21:01:22.234] Save SubImage success.
[21:01:27.266] Save SubImage success.
[21:13:29.668] 카메라 파라미터 적용 완료
[21:13:29.669] 카메라 파라미터 저장 완료
[21:14:55.591] Save SubImage success.
[21:15:00.183] Save SubImage success.
[21:15:04.586] Save SubImage success.
[21:15:09.660] Save SubImage success.
[21:15:14.679] Save SubImage success.
[21:15:19.566] Save SubImage success.
[21:15:24.625] Save SubImage success.
[21:15:29.671] Save SubImage success.
[21:15:34.566] Save SubImage success.
[21:15:39.605] Save SubImage success.
[21:16:42.658] 카메라 파라미터 적용 완료
[21:16:42.659] 카메라 파라미터 저장 완료
[21:21:22.545] Save SubImage success.
[21:28:03.319] Save SubImage success.
[21:28:08.463] Save SubImage success.
[21:28:13.397] Save SubImage success.
[21:28:18.522] Save SubImage success.
[21:28:23.065] Save SubImage success.
[21:28:27.978] Save SubImage success.
[21:28:33.049] Save SubImage success.
[21:28:37.584] Save SubImage success.
[21:28:42.514] Save SubImage success.
[21:28:47.564] Save SubImage success.
[21:35:25.930] Save SubImage success.
[21:35:31.061] Save SubImage success.
[21:35:35.996] Save SubImage success.
[21:35:41.081] Save SubImage success.
[21:35:45.628] Save SubImage success.
[21:35:50.523] Save SubImage success.
[21:35:55.608] Save SubImage success.
[21:36:00.185] Save SubImage success.
[21:36:05.097] Save SubImage success.
[21:36:10.099] Save SubImage success.
[21:39:53.417] Save SubImage success.
[21:39:58.542] Save SubImage success.
[21:40:03.467] Save SubImage success.
[21:40:08.585] Save SubImage success.
[21:40:13.643] Save SubImage success.
[21:40:18.573] Save SubImage success.
[21:40:23.681] Save SubImage success.
[21:40:28.743] Save SubImage success.
[21:40:33.644] Save SubImage success.
[21:40:38.694] Save SubImage success.
[21:41:41.838] Save SubImage success.
[21:42:22.019] Save SubImage success.
[21:42:45.835] Save SubImage success.
[21:42:50.432] Save SubImage success.
[21:42:54.832] Save SubImage success.
[21:42:59.894] Save SubImage success.
[21:43:16.953] Save SubImage success.
[21:43:22.070] Save SubImage success.
[21:43:26.979] Save SubImage success.
[21:43:31.543] Save SubImage success.
[21:46:34.247] 카메라 파라미터 적용 완료
[21:46:34.248] 카메라 파라미터 저장 완료
[21:46:38.142] 카메라 파라미터 적용 완료
[21:46:38.142] 카메라 파라미터 저장 완료
[21:46:56.483] Save SubImage success.
[21:47:01.569] Save SubImage success.
[21:47:05.998] Save SubImage success.
[21:47:11.094] Save SubImage success.
[21:47:15.650] Save SubImage success.
[21:47:20.576] Save SubImage success.
[21:47:25.642] Save SubImage success.
[21:47:30.193] Save SubImage success.
[21:47:35.167] Save SubImage success.
[21:47:39.711] Save SubImage success.
