[09:13:21.254] Save SubImage success.
[09:13:27.885] Save SubImage success.
[09:13:35.454] Save SubImage success.
[09:15:51.313] Save SubImage success.
[09:15:55.945] Save SubImage success.
[09:16:00.931] Save SubImage success.
[09:16:05.517] Save SubImage success.
[09:16:14.057] Save SubImage success.
[09:16:41.841] Save SubImage success.
[09:16:46.466] Save SubImage success.
[09:16:50.871] Save SubImage success.
[09:16:55.956] Save SubImage success.
[09:17:00.487] Save SubImage success.
[09:17:05.384] Save SubImage success.
[09:17:09.970] Save SubImage success.
[09:17:14.510] Save SubImage success.
[09:17:19.405] Save SubImage success.
[09:17:23.921] Save SubImage success.
[09:17:42.609] Save SubImage success.
[09:17:47.255] Save SubImage success.
[09:17:52.178] Save SubImage success.
[09:17:57.254] Save SubImage success.
[09:18:02.294] Save SubImage success.
[09:18:07.218] Save SubImage success.
[09:18:12.309] Save SubImage success.
[09:18:16.870] Save SubImage success.
[09:18:21.269] Save SubImage success.
[09:18:25.871] Save SubImage success.
[11:01:26.468] Save SubImage success.
[11:01:31.584] Save SubImage success.
[11:01:35.997] Save SubImage success.
[11:01:40.637] Save SubImage success.
[11:01:45.653] Save SubImage success.
[11:01:50.537] Save SubImage success.
[11:01:55.095] Save SubImage success.
[11:02:00.142] Save SubImage success.
[11:02:04.535] Save SubImage success.
[11:02:09.070] Save SubImage success.
[11:24:58.293] Save SubImage success.
[11:25:30.632] Save SubImage success.
[11:31:03.143] Image Matching Fail
[11:31:03.687] Save SubImage success.
[11:31:16.104] Image Matching Fail
[11:31:16.648] Save SubImage success.
[12:51:27.777] Save SubImage success.
[12:51:32.918] Save SubImage success.
[12:51:37.844] Save SubImage success.
[12:51:42.921] Save SubImage success.
[12:52:44.801] Save SubImage success.
[12:52:49.984] Save SubImage success.
[12:52:54.996] Save SubImage success.
[12:53:28.845] Image Matching Fail
[12:53:29.394] Save SubImage success.
[12:53:33.776] Save SubImage success.
[12:53:38.391] Save SubImage success.
[12:53:42.902] Save SubImage success.
[12:54:06.782] Image Matching Fail
[12:54:07.328] Save SubImage success.
[12:54:12.547] Image Matching Fail
[12:54:13.096] Save SubImage success.
[12:54:17.982] Save SubImage success.
[12:54:22.595] Save SubImage success.
[12:54:27.599] Save SubImage success.
[12:54:56.413] Image Matching Fail
[12:54:56.964] Save SubImage success.
[12:55:01.955] Image Matching Fail
[12:55:02.506] Save SubImage success.
[12:55:08.053] Image Matching Fail
[12:55:08.602] Save SubImage success.
[12:55:13.498] Save SubImage success.
[12:55:18.112] Save SubImage success.
[12:55:23.124] Save SubImage success.
[12:55:46.575] Image Matching Fail
[12:55:47.125] Save SubImage success.
[12:55:52.456] Image Matching Fail
[12:55:53.089] Save SubImage success.
[12:55:58.175] Image Matching Fail
[12:55:58.721] Save SubImage success.
[12:56:03.545] Image Matching Fail
[12:56:04.092] Save SubImage success.
[12:56:08.988] Save SubImage success.
[12:56:13.611] Save SubImage success.
[12:56:18.622] Save SubImage success.
[12:56:23.907] Image Matching Fail
[12:56:24.456] Save SubImage success.
[12:59:39.387] Image Matching Fail
[12:59:39.933] Save SubImage success.
[12:59:51.409] Image Matching Fail
[12:59:51.952] Save SubImage success.
[12:59:56.885] Image Matching Fail
[12:59:57.442] Save SubImage success.
[13:00:02.651] Image Matching Fail
[13:00:03.193] Save SubImage success.
[13:00:07.620] Save SubImage success.
[13:00:12.775] Save SubImage success.
[13:00:17.786] Save SubImage success.
[13:00:23.575] Image Matching Fail
[13:00:24.117] Save SubImage success.
[13:00:29.390] Image Matching Fail
[13:00:29.931] Save SubImage success.
[13:03:33.147] Image Matching Fail
[13:03:33.698] Save SubImage success.
[13:09:14.590] Image Matching Fail
[13:09:15.137] Save SubImage success.
[13:10:54.867] Image Matching Fail
[13:10:55.421] Save SubImage success.
[13:11:04.233] Image Matching Fail
[13:11:04.780] Save SubImage success.
[13:11:10.033] Image Matching Fail
[13:11:10.574] Save SubImage success.
[13:11:16.051] Image Matching Fail
[13:11:16.591] Save SubImage success.
[13:11:21.492] Save SubImage success.
[13:11:26.099] Save SubImage success.
[13:11:30.661] Save SubImage success.
[13:11:45.445] Image Matching Fail
[13:11:45.987] Save SubImage success.
[13:11:52.399] Image Matching Fail
[13:11:52.942] Save SubImage success.
[13:11:58.009] Image Matching Fail
[13:11:58.548] Save SubImage success.
[13:12:04.845] Image Matching Fail
[13:12:05.384] Save SubImage success.
[13:12:10.266] Save SubImage success.
[13:12:14.874] Save SubImage success.
[13:12:19.365] Save SubImage success.
[13:12:44.683] Image Matching Fail
[13:12:45.233] Save SubImage success.
[13:13:11.243] Image Matching Fail
[13:13:11.796] Save SubImage success.
[13:13:17.233] Image Matching Fail
[13:13:17.777] Save SubImage success.
[13:13:25.528] Image Matching Fail
[13:13:26.075] Save SubImage success.
[13:13:40.546] Image Matching Fail
[13:13:41.089] Save SubImage success.
[13:13:45.988] Save SubImage success.
[13:13:51.136] Save SubImage success.
[13:13:56.150] Save SubImage success.
[13:14:06.648] Image Matching Fail
[13:14:07.188] Save SubImage success.
[13:14:28.352] Image Matching Fail
[13:14:28.895] Save SubImage success.
[13:14:35.537] Image Matching Fail
[13:14:36.081] Save SubImage success.
[13:15:21.377] Image Matching Fail
[13:15:21.922] Save SubImage success.
[13:17:38.649] Image Matching Fail
[13:17:39.190] Save SubImage success.
[13:17:44.070] Save SubImage success.
[13:17:48.673] Save SubImage success.
[13:17:53.662] Save SubImage success.
[13:17:58.345] Image Matching Fail
[13:17:58.889] Save SubImage success.
[13:18:03.521] Image Matching Fail
[13:18:04.060] Save SubImage success.
[13:18:08.992] Image Matching Fail
[13:18:09.533] Save SubImage success.
[13:24:13.268] Image Matching Fail
[13:24:13.818] Save SubImage success.
[13:24:17.833] Image Matching Fail
[13:24:18.379] Save SubImage success.
[13:24:22.393] Image Matching Fail
[13:24:22.941] Save SubImage success.
[13:24:26.459] Image Matching Fail
[13:24:27.004] Save SubImage success.
[13:24:31.426] Save SubImage success.
[13:24:36.562] Save SubImage success.
[13:25:47.065] Image Matching Fail
[13:25:47.614] Save SubImage success.
[13:25:51.127] Image Matching Fail
[13:25:51.669] Save SubImage success.
[13:25:55.679] Image Matching Fail
[13:25:56.219] Save SubImage success.
[13:26:00.229] Image Matching Fail
[13:26:00.769] Save SubImage success.
[13:26:05.182] Save SubImage success.
[13:26:09.816] Save SubImage success.
[13:26:14.842] Save SubImage success.
[13:26:18.360] Image Matching Fail
[13:26:18.898] Save SubImage success.
[13:26:22.904] Image Matching Fail
[13:26:23.447] Save SubImage success.
[13:26:26.959] Image Matching Fail
[13:26:27.504] Save SubImage success.
[13:26:50.494] Image Matching Fail
[13:26:51.032] Save SubImage success.
[13:26:54.526] Image Matching Fail
[13:26:55.064] Save SubImage success.
[13:26:59.058] Image Matching Fail
[13:26:59.601] Save SubImage success.
[13:27:03.596] Image Matching Fail
[13:27:04.141] Save SubImage success.
[13:27:09.022] Save SubImage success.
[13:27:13.613] Save SubImage success.
[13:27:18.098] Save SubImage success.
[13:27:21.590] Image Matching Fail
[13:27:22.129] Save SubImage success.
[13:27:25.622] Image Matching Fail
[13:27:26.165] Save SubImage success.
[13:27:30.155] Image Matching Fail
[13:27:30.694] Save SubImage success.
[13:27:46.707] Image Matching Fail
[13:27:47.250] Save SubImage success.
[13:27:51.251] Image Matching Fail
[13:27:51.790] Save SubImage success.
[13:27:55.290] Image Matching Fail
[13:27:55.835] Save SubImage success.
[13:27:59.334] Image Matching Fail
[13:27:59.877] Save SubImage success.
[13:28:04.754] Save SubImage success.
[13:28:09.352] Save SubImage success.
[13:28:13.832] Save SubImage success.
[13:28:17.337] Image Matching Fail
[13:28:17.880] Save SubImage success.
[13:28:21.375] Image Matching Fail
[13:28:21.916] Save SubImage success.
[13:28:25.905] Image Matching Fail
[13:28:26.445] Save SubImage success.
[13:28:44.862] Image Matching Fail
[13:28:45.404] Save SubImage success.
[13:28:49.397] Image Matching Fail
[13:28:49.941] Save SubImage success.
[13:28:53.435] Image Matching Fail
[13:28:53.978] Save SubImage success.
[13:28:57.471] Image Matching Fail
[13:28:58.016] Save SubImage success.
[13:29:01.514] Image Matching Fail
[13:29:02.059] Save SubImage success.
[13:29:06.431] Save SubImage success.
[13:29:11.018] Save SubImage success.
[13:29:16.027] Save SubImage success.
[13:29:20.034] Image Matching Fail
[13:29:20.580] Save SubImage success.
[13:29:24.073] Image Matching Fail
[13:29:24.616] Save SubImage success.
[13:29:46.237] Image Matching Fail
[13:29:46.782] Save SubImage success.
[13:29:50.782] Image Matching Fail
[13:29:51.325] Save SubImage success.
[13:29:55.316] Image Matching Fail
[13:29:55.864] Save SubImage success.
[13:29:59.851] Image Matching Fail
[13:30:00.393] Save SubImage success.
[13:30:04.383] Image Matching Fail
[13:30:04.928] Save SubImage success.
[13:30:08.421] Image Matching Fail
[13:30:08.962] Save SubImage success.
[13:30:13.873] Save SubImage success.
[13:30:18.348] Image Matching Fail
[13:30:18.895] Save SubImage success.
[13:30:23.875] Save SubImage success.
[13:30:27.364] Image Matching Fail
[13:30:27.905] Save SubImage success.
[13:30:57.245] History Image Matching Fail
[13:31:03.429] Image Matching Fail
[13:31:03.978] Save SubImage success.
[13:31:07.467] Image Matching Fail
[13:31:08.010] Save SubImage success.
[13:31:11.497] Image Matching Fail
[13:31:12.045] Save SubImage success.
[13:31:15.556] Image Matching Fail
[13:31:16.100] Save SubImage success.
[13:31:19.595] Image Matching Fail
[13:31:20.138] Save SubImage success.
[13:31:23.628] Image Matching Fail
[13:31:24.175] Save SubImage success.
[13:31:28.556] Save SubImage success.
[13:31:33.617] Save SubImage success.
[13:31:38.118] Save SubImage success.
[13:31:41.614] Image Matching Fail
[13:31:42.157] Save SubImage success.
[13:40:54.844] Image Matching Fail
[13:40:55.391] Save SubImage success.
[13:40:58.887] Image Matching Fail
[13:40:59.430] Save SubImage success.
[13:41:02.923] Image Matching Fail
[13:41:03.467] Save SubImage success.
[13:41:06.958] Image Matching Fail
[13:41:07.500] Save SubImage success.
[13:41:11.502] Image Matching Fail
[13:41:12.047] Save SubImage success.
[13:41:16.042] Image Matching Fail
[13:41:16.587] Save SubImage success.
[13:41:20.963] Save SubImage success.
[13:41:25.536] Save SubImage success.
[13:41:30.547] Save SubImage success.
[13:41:34.547] Image Matching Fail
[13:41:35.090] Save SubImage success.
[13:43:47.279] Image Matching Fail
[13:43:47.825] Save SubImage success.
[13:43:51.328] Image Matching Fail
[13:43:51.873] Save SubImage success.
[13:45:55.912] Image Matching Fail
[13:45:56.466] Save SubImage success.
[13:48:12.883] Save SubImage success.
[13:48:17.969] Save SubImage success.
[13:48:22.401] Save SubImage success.
[13:48:27.321] Save SubImage success.
[13:48:32.222] Save SubImage success.
[13:48:37.264] Save SubImage success.
[13:48:42.157] Save SubImage success.
[13:48:47.240] Save SubImage success.
[13:48:52.268] Save SubImage success.
[13:48:57.287] Save SubImage success.
[13:49:09.342] Save SubImage success.
[13:49:14.410] Save SubImage success.
[13:49:19.308] Save SubImage success.
[13:49:24.208] Save SubImage success.
[13:49:29.091] Save SubImage success.
[13:49:33.625] Save SubImage success.
[13:49:38.502] Save SubImage success.
[13:49:55.476] Save SubImage success.
[13:50:00.526] Save SubImage success.
[13:50:05.415] Save SubImage success.
[13:50:10.299] Save SubImage success.
[13:50:15.186] Save SubImage success.
[13:50:19.718] Save SubImage success.
[13:50:24.593] Save SubImage success.
[13:50:29.665] Save SubImage success.
[13:50:34.198] Save SubImage success.
[13:50:39.206] Save SubImage success.
[13:51:47.074] Save SubImage success.
[13:51:52.122] Save SubImage success.
[13:51:57.022] Save SubImage success.
[13:52:01.904] Save SubImage success.
[13:52:06.777] Save SubImage success.
[13:52:11.787] Save SubImage success.
[13:52:16.660] Save SubImage success.
[13:52:21.210] Save SubImage success.
[13:52:26.196] Save SubImage success.
[13:52:30.680] Save SubImage success.
[13:52:48.978] Save SubImage success.
[13:52:54.023] Save SubImage success.
[13:52:58.900] Save SubImage success.
[13:53:03.285] Save SubImage success.
[13:53:07.655] Save SubImage success.
[13:53:12.193] Save SubImage success.
[13:53:17.072] Save SubImage success.
[13:53:21.629] Save SubImage success.
[13:53:26.641] Save SubImage success.
[13:53:31.671] Save SubImage success.
[13:53:53.539] Save SubImage success.
[13:53:58.118] Save SubImage success.
[13:54:03.024] Save SubImage success.
[13:54:07.908] Save SubImage success.
[13:54:12.793] Save SubImage success.
[13:54:17.296] Save SubImage success.
[13:54:21.703] Save SubImage success.
[13:54:26.782] Save SubImage success.
[13:54:31.801] Save SubImage success.
[13:54:36.249] Image Matching Fail
[13:54:36.803] Save SubImage success.
[13:54:55.094] Save SubImage success.
[13:55:00.163] Save SubImage success.
[13:55:04.575] Save SubImage success.
[13:55:09.477] Save SubImage success.
[13:55:13.872] Save SubImage success.
[13:55:18.906] Save SubImage success.
[13:55:23.798] Save SubImage success.
[13:55:28.397] Save SubImage success.
[13:55:32.937] Save SubImage success.
[13:55:37.973] Save SubImage success.
[13:55:58.234] Save SubImage success.
[13:56:02.801] Save SubImage success.
[13:56:07.716] Save SubImage success.
[13:56:12.612] Save SubImage success.
[13:56:17.499] Save SubImage success.
[13:56:22.007] Save SubImage success.
[13:56:26.398] Save SubImage success.
[13:56:31.523] Save SubImage success.
[13:56:36.035] Save SubImage success.
[13:56:41.092] Save SubImage success.
[13:58:02.819] Save SubImage success.
[13:58:07.903] Save SubImage success.
[13:58:12.821] Save SubImage success.
[13:58:17.735] Save SubImage success.
[13:58:22.647] Save SubImage success.
[13:58:27.705] Save SubImage success.
[13:58:32.630] Save SubImage success.
[13:58:37.737] Save SubImage success.
[13:58:42.760] Save SubImage success.
[13:58:47.774] Save SubImage success.
[13:59:57.226] Save SubImage success.
[14:00:01.817] Save SubImage success.
[14:00:06.239] Save SubImage success.
[14:00:11.162] Save SubImage success.
[14:00:15.573] Save SubImage success.
[14:00:20.617] Save SubImage success.
[14:00:25.534] Save SubImage success.
[14:00:30.155] Save SubImage success.
[14:00:35.199] Save SubImage success.
[14:00:40.223] Save SubImage success.
[14:00:55.865] Save SubImage success.
[14:01:00.918] Save SubImage success.
[14:01:05.807] Save SubImage success.
[14:01:10.689] Save SubImage success.
[14:01:15.062] Save SubImage success.
[14:01:19.564] Save SubImage success.
[14:01:24.438] Save SubImage success.
[14:01:29.512] Save SubImage success.
[14:01:34.513] Save SubImage success.
[14:01:39.560] Save SubImage success.
[14:23:36.460] Save SubImage success.
[14:23:59.774] Save SubImage success.
[14:29:04.411] Save SubImage success.
[14:30:48.318] Save SubImage success.
[14:33:41.484] Save SubImage success.
[14:34:10.468] Save SubImage success.
[14:34:45.943] Save SubImage success.
[14:38:08.494] Save SubImage success.
[14:38:13.581] Save SubImage success.
[14:38:18.046] Save SubImage success.
[14:38:22.979] Save SubImage success.
[14:38:27.900] Save SubImage success.
[14:38:32.954] Save SubImage success.
[14:38:37.389] Save SubImage success.
[14:38:42.479] Save SubImage success.
[14:38:47.030] Save SubImage success.
[14:38:52.082] Save SubImage success.
[14:59:04.729] 카메라 파라미터 적용 완료
[14:59:04.740] 카메라 파라미터 저장 완료
[14:59:11.652] Save SubImage success.
[14:59:14.433] 카메라 파라미터 적용 완료
[14:59:14.434] 카메라 파라미터 저장 완료
[14:59:16.728] Save SubImage success.
[14:59:21.181] Save SubImage success.
[14:59:26.107] Save SubImage success.
[14:59:27.688] 카메라 파라미터 적용 완료
[14:59:27.689] 카메라 파라미터 저장 완료
[14:59:31.025] Save SubImage success.
[14:59:37.085] Save SubImage success.
[14:59:47.234] 카메라 파라미터 적용 완료
[14:59:47.234] 카메라 파라미터 저장 완료
[15:00:07.608] 카메라 파라미터 적용 완료
[15:00:07.610] 카메라 파라미터 저장 완료
[15:00:15.038] Save SubImage success.
[15:00:29.602] 카메라 파라미터 적용 완료
[15:00:29.603] 카메라 파라미터 저장 완료
[15:00:34.697] Save SubImage success.
[15:00:39.262] Save SubImage success.
[15:00:43.682] Save SubImage success.
[15:00:48.094] Save SubImage success.
[15:00:52.491] Save SubImage success.
[15:00:57.179] Save SubImage success.
[15:01:01.583] Save SubImage success.
[15:01:06.186] Save SubImage success.
[15:02:11.683] Image Matching Fail
[15:02:12.231] Save SubImage success.
[15:06:40.314] Image Matching Fail
[15:06:40.880] Save SubImage success.
[15:06:44.940] Image Matching Fail
[15:06:45.495] Save SubImage success.
[15:06:49.926] Save SubImage success.
[15:06:54.345] Save SubImage success.
[15:06:58.762] Save SubImage success.
[15:07:03.302] Save SubImage success.
[15:07:07.724] Save SubImage success.
[15:07:12.343] Save SubImage success.
[15:07:16.885] Save SubImage success.
[15:07:21.410] Save SubImage success.
[15:09:06.641] Image Matching Fail
[15:09:07.192] Save SubImage success.
[15:09:44.095] Image Matching Fail
[15:09:44.648] Save SubImage success.
[15:09:48.715] Image Matching Fail
[15:09:49.259] Save SubImage success.
[15:10:58.108] Image Matching Fail
[15:10:58.650] Save SubImage success.
[15:11:03.246] Save SubImage success.
[15:11:07.656] Save SubImage success.
[15:11:12.072] Save SubImage success.
[15:11:16.472] Save SubImage success.
[15:11:21.013] Save SubImage success.
[15:11:25.426] Save SubImage success.
[15:11:30.010] Save SubImage success.
[15:11:34.550] Save SubImage success.
[15:11:39.087] Save SubImage success.
[15:11:47.870] 카메라 파라미터 적용 완료
[15:11:47.870] 카메라 파라미터 저장 완료
[15:11:53.057] Image Matching Fail
[15:11:53.607] Save SubImage success.
[15:11:58.704] Save SubImage success.
[15:12:03.163] Save SubImage success.
[15:12:07.555] Save SubImage success.
[15:12:12.092] Save SubImage success.
[15:12:17.110] Save SubImage success.
[15:12:22.002] Save SubImage success.
[15:12:26.595] Save SubImage success.
[15:12:31.107] Save SubImage success.
[15:12:36.135] Save SubImage success.
[15:12:45.300] 카메라 파라미터 적용 완료
[15:12:45.301] 카메라 파라미터 저장 완료
[15:15:18.078] Save SubImage success.
[15:16:43.865] Save SubImage success.
[15:16:48.450] Save SubImage success.
[15:16:52.880] Save SubImage success.
[15:16:57.305] Save SubImage success.
[15:17:01.727] Save SubImage success.
[15:17:06.269] Save SubImage success.
[15:17:10.689] Save SubImage success.
[15:17:15.293] Save SubImage success.
[15:17:19.836] Save SubImage success.
[15:17:24.362] Save SubImage success.
[15:18:11.228] Image Matching Fail
[15:18:11.772] Save SubImage success.
[15:18:15.819] Image Matching Fail
[15:18:16.362] Save SubImage success.
[15:20:10.104] Save SubImage success.
[15:20:14.689] Save SubImage success.
[15:20:19.106] Save SubImage success.
[15:20:23.007] Image Matching Fail
[15:20:23.551] Save SubImage success.
[15:20:27.956] Save SubImage success.
[15:20:32.490] Save SubImage success.
[15:20:36.900] Save SubImage success.
[15:20:41.480] Save SubImage success.
[15:21:27.385] Save SubImage success.
[15:21:31.968] Save SubImage success.
[15:21:36.388] Save SubImage success.
[15:21:40.832] Save SubImage success.
[15:21:45.241] Save SubImage success.
[15:21:49.795] Save SubImage success.
[15:21:54.203] Save SubImage success.
[15:21:58.813] Save SubImage success.
[15:22:03.361] Save SubImage success.
[15:22:07.897] Save SubImage success.
[15:33:52.959] Image Matching Fail
[15:33:53.509] Save SubImage success.
[15:33:58.147] Save SubImage success.
[15:34:02.704] Save SubImage success.
[15:34:07.165] Save SubImage success.
[15:34:11.589] Save SubImage success.
[15:34:16.175] Save SubImage success.
[15:34:20.585] Save SubImage success.
[15:34:25.186] Save SubImage success.
[15:34:29.742] Save SubImage success.
[15:34:33.760] Image Matching Fail
[15:34:34.308] Save SubImage success.
[15:36:20.548] Image Matching Fail
[15:36:21.098] Save SubImage success.
[15:36:25.661] Save SubImage success.
[15:36:30.097] Save SubImage success.
[15:36:48.723] Save SubImage success.
[15:36:53.276] Save SubImage success.
[15:36:57.676] Save SubImage success.
[15:37:02.080] Save SubImage success.
[15:37:06.474] Save SubImage success.
[15:37:10.999] Save SubImage success.
[15:37:15.388] Save SubImage success.
[15:37:19.965] Save SubImage success.
[15:37:24.485] Save SubImage success.
[15:37:27.971] Image Matching Fail
[15:37:28.511] Save SubImage success.
[15:39:53.610] Save SubImage success.
[15:39:58.159] Save SubImage success.
[15:40:02.560] Save SubImage success.
[15:40:06.958] Save SubImage success.
[15:40:11.353] Save SubImage success.
[15:40:15.867] Save SubImage success.
[15:40:20.265] Save SubImage success.
[15:40:24.853] Save SubImage success.
[15:40:29.391] Save SubImage success.
[15:40:33.906] Save SubImage success.
[15:40:56.879] 카메라 파라미터 적용 완료
[15:40:56.879] 카메라 파라미터 저장 완료
[15:41:01.389] 카메라 파라미터 적용 완료
[15:41:01.390] 카메라 파라미터 저장 완료
[15:41:04.409] 카메라 파라미터 적용 완료
[15:41:04.409] 카메라 파라미터 저장 완료
[15:41:19.725] Save SubImage success.
[15:41:24.785] Save SubImage success.
[15:41:29.844] Save SubImage success.
[15:41:34.769] Save SubImage success.
[15:41:39.177] Save SubImage success.
[15:41:43.700] Save SubImage success.
[15:41:48.599] Save SubImage success.
[15:41:53.692] Save SubImage success.
[15:41:58.218] Save SubImage success.
[15:42:02.714] Save SubImage success.
[16:49:28.264] Save SubImage fail.
[16:49:35.089] Save SubImage fail.
[17:07:48.178] Save SubImage success.
[17:07:53.244] Save SubImage success.
[17:07:58.143] Save SubImage success.
[17:08:03.049] Save SubImage success.
[17:08:07.466] Save SubImage success.
[17:08:12.517] Save SubImage success.
[17:08:17.430] Save SubImage success.
[17:08:21.903] Image Matching Fail
[17:08:22.447] Save SubImage success.
[17:08:27.488] Save SubImage success.
[17:08:32.527] Save SubImage success.
[17:08:51.036] Save SubImage success.
[17:09:27.681] Save SubImage success.
[17:09:32.705] Save SubImage success.
[17:09:37.590] Save SubImage success.
[17:09:41.966] Save SubImage success.
[17:09:46.358] Save SubImage success.
[17:09:50.851] Save SubImage success.
[17:09:55.247] Save SubImage success.
[17:09:59.810] Save SubImage success.
[17:10:04.316] Save SubImage success.
[17:12:38.100] Save SubImage success.
[17:12:43.138] Save SubImage success.
[17:12:48.058] Save SubImage success.
[17:12:52.965] Save SubImage success.
[17:12:57.868] Save SubImage success.
[17:13:02.391] Save SubImage success.
[17:13:07.292] Save SubImage success.
[17:13:12.381] Save SubImage success.
[17:13:16.899] Save SubImage success.
[17:13:21.432] Save SubImage success.
[17:13:59.052] Save SubImage success.
[17:14:04.078] Save SubImage success.
[17:14:08.971] Save SubImage success.
[17:15:45.411] Save SubImage success.
[17:15:49.976] Save SubImage success.
[17:15:54.898] Save SubImage success.
[17:15:59.814] Save SubImage success.
[17:16:04.711] Save SubImage success.
[17:16:09.235] Save SubImage success.
[17:16:14.138] Save SubImage success.
[17:16:18.743] Save SubImage success.
[17:16:23.273] Save SubImage success.
[17:16:28.314] Save SubImage success.
[17:45:50.072] Save SubImage success.
[17:45:54.638] Save SubImage success.
[17:45:59.573] Save SubImage success.
[17:46:04.474] Save SubImage success.
[17:46:09.376] Save SubImage success.
[17:46:13.912] Save SubImage success.
[17:46:18.801] Save SubImage success.
[17:46:23.393] Save SubImage success.
[17:46:27.882] Save SubImage success.
[17:46:32.893] Save SubImage success.
[17:46:46.155] Save SubImage success.
[17:47:33.079] Save SubImage success.
[17:47:38.127] Save SubImage success.
[17:47:43.027] Save SubImage success.
[17:47:47.412] Save SubImage success.
[17:47:51.812] Save SubImage success.
[17:47:56.333] Save SubImage success.
[17:48:00.713] Save SubImage success.
[17:48:05.798] Save SubImage success.
[17:48:10.302] Save SubImage success.
[18:16:54.211] Save SubImage success.
[18:17:45.518] Save SubImage success.
[18:18:29.317] Save SubImage success.
[18:18:34.383] Save SubImage success.
[18:18:38.816] Save SubImage success.
[18:18:43.232] Image Matching Fail
[18:18:43.800] Save SubImage success.
[18:18:48.227] Save SubImage success.
[18:18:53.271] Save SubImage success.
[18:18:58.184] Save SubImage success.
[18:19:02.778] Save SubImage success.
[18:19:07.780] Save SubImage success.
[18:19:12.784] Save SubImage success.
