[10:13:14.886] Failed to open the port. : System.IO.IOException: 'COM3' 포트가 없습니다.
   위치: System.IO.Ports.InternalResources.WinIOError(Int32 errorCode, String str)
   위치: System.IO.Ports.SerialStream..ctor(String portName, Int32 baudRate, Parity parity, Int32 dataBits, StopBits stopBits, Int32 readTimeout, Int32 writeTimeout, Handshake handshake, Boolean dtrEnable, Boolean rtsEnable, Boolean discardNull, Byte parityReplace)
   위치: System.IO.Ports.SerialPort.Open()
   위치: LG_Chem.Device.Light.LightSerialCom.PortOpen() 파일 E:\LG화학\최신 백업\LG Chem\LG_Chem\Device\Light\LightSerialCom.cs:줄 71
[10:16:12.172] Serial Com COM3 not open.
[10:16:12.188] Serial Com COM3 not open.
[10:17:53.399] Failed to open the port. : System.IO.IOException: 'COM3' 포트가 없습니다.
   위치: System.IO.Ports.InternalResources.WinIOError(Int32 errorCode, String str)
   위치: System.IO.Ports.SerialStream..ctor(String portName, Int32 baudRate, Parity parity, Int32 dataBits, StopBits stopBits, Int32 readTimeout, Int32 writeTimeout, Handshake handshake, Boolean dtrEnable, Boolean rtsEnable, Boolean discardNull, Byte parityReplace)
   위치: System.IO.Ports.SerialPort.Open()
   위치: LG_Chem.Device.Light.LightSerialCom.PortOpen() 파일 E:\LG화학\최신 백업\LG Chem\LG_Chem\Device\Light\LightSerialCom.cs:줄 71
[10:26:55.628] Failed to open the port. : System.IO.IOException: 'COM3' 포트가 없습니다.
   위치: System.IO.Ports.InternalResources.WinIOError(Int32 errorCode, String str)
   위치: System.IO.Ports.SerialStream..ctor(String portName, Int32 baudRate, Parity parity, Int32 dataBits, StopBits stopBits, Int32 readTimeout, Int32 writeTimeout, Handshake handshake, Boolean dtrEnable, Boolean rtsEnable, Boolean discardNull, Byte parityReplace)
   위치: System.IO.Ports.SerialPort.Open()
   위치: LG_Chem.Device.Light.LightSerialCom.PortOpen() 파일 E:\LG화학\최신 백업\LG Chem\LG_Chem\Device\Light\LightSerialCom.cs:줄 71
[10:30:10.436] Failed to open the port. : System.IO.IOException: 'COM3' 포트가 없습니다.
   위치: System.IO.Ports.InternalResources.WinIOError(Int32 errorCode, String str)
   위치: System.IO.Ports.SerialStream..ctor(String portName, Int32 baudRate, Parity parity, Int32 dataBits, StopBits stopBits, Int32 readTimeout, Int32 writeTimeout, Handshake handshake, Boolean dtrEnable, Boolean rtsEnable, Boolean discardNull, Byte parityReplace)
   위치: System.IO.Ports.SerialPort.Open()
   위치: LG_Chem.Device.Light.LightSerialCom.PortOpen() 파일 E:\LG화학\최신 백업\LG Chem\LG_Chem\Device\Light\LightSerialCom.cs:줄 71
