[09:29:17.579] Save SubImage success.
[09:31:10.021] Save SubImage success.
[09:31:15.192] Save SubImage success.
[09:31:20.136] Save SubImage success.
[09:31:24.714] Save SubImage success.
[09:31:29.748] Save SubImage success.
[09:31:34.653] Save SubImage success.
[09:31:39.752] Save SubImage success.
[09:31:44.301] Save SubImage success.
[09:31:49.233] Save SubImage success.
[09:32:03.545] Save SubImage success.
[09:32:08.725] Save SubImage success.
[09:32:13.672] Save SubImage success.
[09:32:18.269] Save SubImage success.
[09:32:22.816] Save SubImage success.
[09:32:27.738] Save SubImage success.
[09:32:32.831] Save SubImage success.
[09:32:37.889] Save SubImage success.
[09:32:42.291] Save SubImage success.
[09:32:47.412] Save SubImage success.
[09:35:07.321] Save SubImage success.
[09:35:12.022] Save SubImage success.
[09:35:16.463] Save SubImage success.
[09:35:21.554] Save SubImage success.
[09:35:26.594] Save SubImage success.
[09:35:31.520] Save SubImage success.
[09:35:36.617] Save SubImage success.
[09:35:41.192] Save SubImage success.
[09:35:46.108] Save SubImage success.
[09:35:51.192] Save SubImage success.
[09:36:31.739] Save SubImage success.
[09:36:36.415] Save SubImage success.
[09:36:41.337] Save SubImage success.
[09:36:46.405] Save SubImage success.
[09:36:50.932] Save SubImage success.
[09:36:55.840] Save SubImage success.
[09:37:00.416] Save SubImage success.
[09:37:05.452] Save SubImage success.
[09:37:09.868] Save SubImage success.
[09:37:14.978] Save SubImage success.
[09:37:40.424] Save SubImage success.
[09:37:45.591] Save SubImage success.
[09:37:50.539] Save SubImage success.
[09:37:55.118] Save SubImage success.
[09:38:00.140] Save SubImage success.
[09:38:05.056] Save SubImage success.
[09:38:10.153] Save SubImage success.
[09:38:14.761] Save SubImage success.
[09:38:19.653] Save SubImage success.
[09:38:24.245] Save SubImage success.
[09:39:01.376] Save SubImage success.
[09:39:06.080] Save SubImage success.
[09:39:11.021] Save SubImage success.
[09:39:15.605] Save SubImage success.
[09:39:20.134] Save SubImage success.
[09:39:24.556] Save SubImage success.
[09:39:29.638] Save SubImage success.
[09:39:34.208] Save SubImage success.
[09:39:38.635] Save SubImage success.
[09:39:43.239] Save SubImage success.
[09:40:09.299] Save SubImage success.
[09:40:38.338] Save SubImage success.
[09:40:52.338] Save SubImage success.
[09:40:57.515] Save SubImage success.
[09:41:01.957] Save SubImage success.
[09:41:07.020] Save SubImage success.
[09:41:12.032] Save SubImage success.
[09:41:16.955] Save SubImage success.
[09:41:22.036] Save SubImage success.
[09:41:27.081] Save SubImage success.
[09:41:31.479] Save SubImage success.
[09:41:36.066] Save SubImage success.
[09:58:43.705] Save SubImage success.
[09:59:00.236] Calibration Fail
[09:59:08.643] Calibration Fail
[18:11:27.305] Image Matching Fail
[18:11:27.861] Save SubImage success.
[18:11:32.477] Save SubImage success.
[18:11:36.905] Save SubImage success.
[18:11:41.961] Save SubImage success.
[18:11:46.475] Save SubImage success.
[18:11:50.885] Save SubImage success.
[18:11:55.474] Save SubImage success.
[18:12:00.043] Save SubImage success.
[18:12:04.439] Save SubImage success.
[18:12:11.060] Image Matching Fail
[18:12:11.604] Save SubImage success.
[18:13:15.060] Image Matching Fail
[18:13:15.606] Save SubImage success.
[18:13:20.712] Save SubImage success.
[18:13:25.116] Save SubImage success.
[18:13:30.170] Save SubImage success.
[18:13:35.176] Save SubImage success.
[18:13:40.062] Save SubImage success.
[18:13:44.627] Save SubImage success.
[18:13:49.665] Save SubImage success.
[18:13:54.555] Save SubImage success.
[18:14:04.006] Image Matching Fail
[18:14:04.558] Save SubImage success.
[18:26:43.617] Image Matching Fail
[18:26:44.162] Save SubImage success.
[18:26:48.792] Save SubImage success.
[18:26:53.201] Save SubImage success.
[18:26:58.279] Save SubImage success.
[18:27:03.310] Save SubImage success.
[18:27:08.221] Save SubImage success.
[18:27:13.302] Save SubImage success.
[18:27:18.352] Save SubImage success.
[18:27:22.757] Save SubImage success.
[18:27:27.933] Image Matching Fail
[18:27:28.476] Save SubImage success.
[20:16:04.017] Image Matching Fail
[20:16:04.568] Save SubImage success.
[20:16:09.728] Save SubImage success.
[20:16:14.151] Save SubImage success.
[20:16:19.234] Save SubImage success.
[20:16:24.272] Save SubImage success.
[20:16:28.703] Save SubImage success.
[20:16:33.268] Save SubImage success.
[20:16:37.837] Save SubImage success.
[20:16:42.761] Save SubImage success.
[20:16:54.569] Image Matching Fail
[20:16:55.114] Save SubImage success.
[22:04:01.553] Image Matching Fail
[22:04:02.104] Save SubImage success.
[22:04:06.754] Save SubImage success.
[22:04:11.685] Save SubImage success.
[22:04:16.773] Save SubImage success.
[22:04:21.302] Save SubImage success.
[22:04:25.728] Save SubImage success.
[22:04:30.804] Save SubImage success.
[22:04:35.362] Save SubImage success.
[22:04:40.284] Save SubImage success.
[22:04:45.863] Image Matching Fail
[22:04:46.406] Save SubImage success.
[22:05:24.842] Image Matching Fail
[22:05:25.390] Save SubImage success.
[22:05:30.495] Save SubImage success.
[22:05:35.407] Save SubImage success.
[22:05:39.979] Save SubImage success.
[22:05:44.489] Save SubImage success.
[22:05:48.894] Save SubImage success.
[22:05:53.474] Save SubImage success.
[22:05:58.028] Save SubImage success.
[22:06:02.933] Save SubImage success.
[22:06:26.473] Image Matching Fail
[22:06:27.027] Save SubImage success.
[22:12:11.249] 카메라 파라미터 적용 완료
[22:12:11.250] 카메라 파라미터 저장 완료
