[09:08:22.735] Image Matching Fail
[09:08:23.004] Save SubImage success.
[09:08:26.138] Image Matching Fail
[09:08:26.380] Save SubImage success.
[09:08:29.766] Save SubImage success.
[09:08:33.133] Save SubImage success.
[09:08:36.511] Save SubImage success.
[09:08:39.639] Image Matching Fail
[09:08:39.915] Save SubImage success.
[09:08:42.239] 카메라 파라미터 적용 완료
[09:08:42.240] 카메라 파라미터 저장 완료
[09:08:43.265] Save SubImage success.
[09:08:46.618] Save SubImage success.
[09:08:49.981] Save SubImage success.
[09:08:53.361] Save SubImage success.
[09:10:09.512] Save SubImage success.
[09:10:12.619] Image Matching Fail
[09:10:12.888] Save SubImage success.
[09:10:16.270] Save SubImage success.
[09:10:19.632] Save SubImage success.
[09:10:22.990] Save SubImage success.
[09:10:26.315] Save SubImage success.
[09:10:29.639] Save SubImage success.
[09:10:33.027] Save SubImage success.
[09:10:36.388] Save SubImage success.
[09:10:39.785] Save SubImage success.
[09:23:17.604] Save SubImage success.
[09:23:20.732] Image Matching Fail
[09:23:20.992] Save SubImage success.
[09:23:24.337] Save SubImage success.
[09:23:27.680] Save SubImage success.
[09:23:31.022] Save SubImage success.
[09:23:34.384] Save SubImage success.
[09:23:37.712] Save SubImage success.
[09:23:41.053] Save SubImage success.
[09:23:44.391] Save SubImage success.
[09:23:47.734] Save SubImage success.
[09:24:05.374] Save SubImage success.
[09:24:08.484] Image Matching Fail
[09:24:08.727] Save SubImage success.
[09:24:12.062] Save SubImage success.
[09:24:15.399] Save SubImage success.
[09:24:18.736] Save SubImage success.
[09:24:22.050] Save SubImage success.
[09:24:25.392] Save SubImage success.
[09:24:28.754] Save SubImage success.
[09:24:30.758] 카메라 파라미터 적용 완료
[09:24:30.759] 카메라 파라미터 저장 완료
[09:24:32.121] Save SubImage success.
[09:24:35.445] Save SubImage success.
[09:24:50.681] Save SubImage success.
[09:24:53.800] Image Matching Fail
[09:24:54.065] Save SubImage success.
[09:24:57.435] Save SubImage success.
[09:25:00.760] Save SubImage success.
[09:25:04.096] Save SubImage success.
[09:25:07.468] Save SubImage success.
[09:25:10.592] Image Matching Fail
[09:25:10.846] Save SubImage success.
[09:25:14.212] Save SubImage success.
[09:25:17.561] Save SubImage success.
[09:25:20.895] Save SubImage success.
[09:29:32.040] Save SubImage success.
[09:29:35.179] Image Matching Fail
[09:29:35.443] Save SubImage success.
[09:29:38.796] Save SubImage success.
[09:29:42.155] Save SubImage success.
[09:29:45.500] Save SubImage success.
[09:29:48.846] Save SubImage success.
[09:29:51.978] Image Matching Fail
[09:29:52.218] Save SubImage success.
[09:29:55.633] Save SubImage success.
[09:29:59.009] Save SubImage success.
[09:30:02.203] History Image Matching Fail
[09:30:02.346] Save SubImage success.
[09:30:19.081] 카메라 파라미터 적용 완료
[09:30:19.081] 카메라 파라미터 저장 완료
[09:30:22.201] 카메라 파라미터 적용 완료
[09:30:22.201] 카메라 파라미터 저장 완료
[09:30:28.421] Save SubImage success.
[09:30:31.528] Image Matching Fail
[09:30:31.786] Save SubImage success.
[09:30:35.240] Save SubImage success.
[09:30:38.586] Save SubImage success.
[09:30:41.957] Save SubImage success.
[09:30:45.328] Save SubImage success.
[09:30:48.444] Image Matching Fail
[09:30:48.691] Save SubImage success.
[09:30:52.011] Save SubImage success.
[09:30:55.351] Save SubImage success.
[09:30:58.713] Save SubImage success.
[09:31:23.953] History Image Matching Fail
[09:31:27.123] History Image Matching Fail
[09:31:35.042] 카메라 파라미터 적용 완료
[09:31:35.043] 카메라 파라미터 저장 완료
[09:31:40.985] Save SubImage success.
[09:31:44.091] Image Matching Fail
[09:31:44.363] Save SubImage success.
[09:31:47.728] Save SubImage success.
[09:31:51.186] Save SubImage success.
[09:31:54.557] Save SubImage success.
[09:31:57.921] Save SubImage success.
[09:32:01.264] Save SubImage success.
[09:32:04.622] Save SubImage success.
[09:32:07.962] Save SubImage success.
[09:32:11.347] Save SubImage success.
[09:32:31.755] 카메라 파라미터 적용 완료
[09:32:31.756] 카메라 파라미터 저장 완료
[09:32:37.385] Save SubImage success.
[09:32:40.491] Image Matching Fail
[09:32:40.763] Save SubImage success.
[09:32:44.090] Save SubImage success.
[09:32:47.447] Save SubImage success.
[09:32:50.773] Save SubImage success.
[09:32:54.220] Save SubImage success.
[09:32:57.587] Save SubImage success.
[09:33:00.916] Save SubImage success.
[09:33:04.261] Save SubImage success.
[09:33:07.617] Save SubImage success.
[09:33:52.740] Save SubImage success.
[09:33:55.845] Image Matching Fail
[09:33:56.124] Save SubImage success.
[09:33:59.473] Save SubImage success.
[09:34:02.804] Save SubImage success.
[09:34:06.142] Save SubImage success.
[09:34:09.487] Save SubImage success.
[09:34:12.823] Save SubImage success.
[09:34:16.180] Save SubImage success.
[09:34:19.550] Save SubImage success.
[09:34:22.886] Save SubImage success.
[09:41:43.706] Save SubImage success.
[09:41:46.836] Image Matching Fail
[09:43:52.417] Save SubImage success.
[09:43:55.540] Image Matching Fail
[09:43:55.805] Save SubImage success.
[09:43:59.142] Save SubImage success.
[09:44:02.486] Save SubImage success.
[09:44:05.822] Save SubImage success.
[09:44:09.215] Save SubImage success.
[09:44:12.552] Save SubImage success.
[09:44:15.897] Save SubImage success.
[09:44:19.234] Save SubImage success.
[09:44:22.593] Save SubImage success.
[09:44:36.392] Save SubImage success.
[09:44:39.744] Save SubImage success.
[09:44:43.074] Save SubImage success.
[09:44:46.190] Image Matching Fail
[09:44:46.431] Save SubImage success.
[09:44:49.746] Save SubImage success.
[09:44:53.084] Save SubImage success.
[09:44:56.418] Save SubImage success.
[09:44:59.751] Save SubImage success.
[09:45:03.078] Save SubImage success.
[09:45:06.399] Save SubImage success.
[09:45:37.684] Save SubImage success.
[09:45:41.031] Save SubImage success.
[09:45:44.377] Save SubImage success.
[09:45:47.707] Save SubImage success.
[09:45:51.026] Save SubImage success.
[09:45:54.374] Save SubImage success.
[09:45:57.700] Save SubImage success.
[09:46:01.013] Save SubImage success.
[09:46:04.330] Save SubImage success.
[09:46:07.436] Image Matching Fail
[09:46:07.675] Save SubImage success.
[09:47:07.269] History Image Matching Fail
[09:47:39.170] History Image Matching Fail
[09:47:42.944] History Image Matching Fail
[09:48:08.047] Save SubImage success.
[09:48:11.389] Save SubImage success.
[09:48:14.726] Save SubImage success.
[09:48:18.048] Save SubImage success.
[09:48:21.366] Save SubImage success.
[09:48:24.688] Save SubImage success.
[09:48:28.011] Save SubImage success.
[09:48:31.350] Save SubImage success.
[09:48:34.460] Image Matching Fail
[09:48:34.702] Save SubImage success.
[09:48:38.042] Save SubImage success.
[09:48:48.664] History Image Matching Fail
[09:48:57.522] History Image Matching Fail
[09:53:20.684] Save SubImage success.
[09:53:24.128] Save SubImage success.
[09:53:27.570] Save SubImage success.
[09:53:31.024] Save SubImage success.
[09:53:34.474] Save SubImage success.
[09:53:37.932] Save SubImage success.
[09:53:41.380] Save SubImage success.
[09:53:44.836] Save SubImage success.
[09:53:47.969] Image Matching Fail
[09:53:48.316] Save SubImage success.
[09:53:51.766] Save SubImage success.
[09:54:04.647] History Image Matching Fail
[09:54:13.668] Save SubImage success.
[09:54:17.126] Save SubImage success.
[09:54:20.559] Save SubImage success.
[09:54:24.008] Save SubImage success.
[09:54:27.436] Save SubImage success.
[09:54:30.872] Save SubImage success.
[09:54:34.304] Save SubImage success.
[09:54:37.758] Save SubImage success.
[09:54:51.607] Save SubImage success.
[09:54:55.237] Save SubImage success.
[09:54:58.673] Save SubImage success.
[09:55:02.129] Save SubImage success.
[09:55:05.562] Save SubImage success.
[09:55:09.024] Save SubImage success.
[09:55:12.482] Save SubImage success.
[09:55:15.931] Save SubImage success.
[09:55:19.040] Image Matching Fail
[09:55:19.393] Save SubImage success.
[09:55:22.899] Save SubImage success.
[09:56:03.404] History Image Matching Fail
[09:57:23.267] Save SubImage success.
[09:57:26.738] Save SubImage success.
[09:57:30.174] Save SubImage success.
[09:57:33.616] Save SubImage success.
[09:57:37.056] Save SubImage success.
[09:57:40.528] Save SubImage success.
[09:57:43.971] Save SubImage success.
[09:57:47.425] Save SubImage success.
[09:57:50.553] Image Matching Fail
[10:01:45.128] Save SubImage success.
[10:01:48.589] Save SubImage success.
[10:01:52.044] Save SubImage success.
[10:01:55.531] Save SubImage success.
[10:01:58.975] Save SubImage success.
[10:02:02.451] Save SubImage success.
[10:02:05.921] Save SubImage success.
[10:02:09.371] Save SubImage success.
[10:02:12.498] Image Matching Fail
[10:02:12.843] Save SubImage success.
[10:02:16.293] Save SubImage success.
[10:02:23.619] History Image Matching Fail
[10:02:32.096] Save SubImage success.
[10:02:52.118] Save SubImage success.
[10:02:55.562] Save SubImage success.
[10:02:59.018] Save SubImage success.
[10:03:02.442] Save SubImage success.
[10:03:05.932] Save SubImage success.
[10:03:09.382] Save SubImage success.
[10:03:12.934] Save SubImage success.
[10:03:16.386] Save SubImage success.
[10:03:19.492] Image Matching Fail
[10:03:19.974] Save SubImage success.
[10:03:23.506] Save SubImage success.
[13:38:17.812] History Image Matching Fail
[14:04:48.591] Save SubImage success.
[14:04:51.538] Save SubImage success.
[14:04:54.986] Save SubImage success.
[14:04:58.416] Save SubImage success.
[14:22:52.743] Save SubImage success.
[14:22:55.692] Save SubImage success.
[14:22:58.652] Save SubImage success.
[14:23:01.598] Save SubImage success.
[14:23:04.555] Save SubImage success.
[14:23:07.508] Save SubImage success.
[14:23:10.472] Save SubImage success.
[14:23:13.417] Save SubImage success.
[14:23:16.358] Save SubImage success.
[14:23:19.304] Save SubImage success.
[14:23:22.248] Save SubImage success.
[14:23:25.187] Save SubImage success.
[14:23:28.139] Save SubImage success.
[14:23:31.075] Save SubImage success.
[14:23:34.013] Save SubImage success.
[14:23:36.953] Save SubImage success.
[14:23:39.874] Save SubImage success.
[14:23:42.821] Save SubImage success.
[14:23:45.762] Save SubImage success.
[14:23:48.709] Save SubImage success.
[14:23:51.660] Save SubImage success.
[14:23:54.581] Save SubImage success.
[14:23:57.520] Save SubImage success.
[14:24:00.460] Save SubImage success.
[14:24:03.404] Save SubImage success.
[14:24:06.349] Save SubImage success.
[14:24:09.309] Save SubImage success.
[14:24:12.255] Save SubImage success.
[14:24:15.196] Save SubImage success.
[14:24:18.141] Save SubImage success.
[14:24:21.083] Save SubImage success.
[14:24:24.041] Save SubImage success.
[14:24:26.975] Save SubImage success.
[14:24:29.919] Save SubImage success.
[14:24:32.857] Save SubImage success.
[14:24:35.805] Save SubImage success.
[14:24:38.751] Save SubImage success.
[14:24:41.716] Save SubImage success.
[14:24:44.653] Save SubImage success.
[14:24:47.596] Save SubImage success.
[14:24:50.529] Save SubImage success.
[14:24:53.470] Save SubImage success.
[14:24:56.408] Save SubImage success.
[14:24:59.358] Save SubImage success.
[14:25:02.330] Save SubImage success.
[14:25:05.276] Save SubImage success.
[14:25:08.224] Save SubImage success.
[14:25:11.182] Save SubImage success.
[14:25:14.128] Save SubImage success.
[14:25:17.070] Save SubImage success.
[14:25:20.055] Save SubImage success.
[14:25:22.995] Save SubImage success.
[14:25:25.957] Save SubImage success.
[14:25:28.902] Save SubImage success.
[14:25:31.851] Save SubImage success.
[14:25:34.807] Save SubImage success.
[14:25:37.781] Save SubImage success.
[14:25:40.730] Save SubImage success.
[14:25:43.679] Save SubImage success.
[14:25:46.632] Save SubImage success.
[14:25:49.582] Save SubImage success.
[14:25:52.524] Save SubImage success.
[14:25:55.549] Save SubImage success.
[14:25:58.502] Save SubImage success.
[14:26:01.448] Save SubImage success.
[14:26:04.386] Save SubImage success.
[14:26:07.333] Save SubImage success.
[14:26:10.286] Save SubImage success.
[14:26:13.251] Save SubImage success.
[14:26:16.201] Save SubImage success.
[14:26:19.141] Save SubImage success.
[14:26:22.090] Save SubImage success.
[14:26:25.027] Save SubImage success.
[14:26:27.972] Save SubImage success.
[14:26:30.931] Save SubImage success.
[14:26:33.895] Save SubImage success.
[14:26:36.844] Save SubImage success.
[14:26:39.804] Save SubImage success.
[14:26:42.745] Save SubImage success.
[14:26:45.700] Save SubImage success.
[14:26:48.651] Save SubImage success.
[14:26:51.579] Save SubImage success.
[14:26:54.502] Save SubImage success.
[14:26:57.451] Save SubImage success.
[14:27:00.403] Save SubImage success.
[14:27:03.343] Save SubImage success.
[14:27:06.302] Save SubImage success.
[14:27:09.253] Save SubImage success.
[14:27:12.233] Save SubImage success.
[14:27:15.162] Save SubImage success.
[14:27:18.115] Save SubImage success.
[14:27:21.064] Save SubImage success.
[14:27:24.017] Save SubImage success.
[14:27:26.962] Save SubImage success.
[14:27:29.935] Save SubImage success.
[14:27:32.881] Save SubImage success.
[14:27:35.840] Save SubImage success.
[14:27:38.769] Save SubImage success.
[14:27:41.728] Save SubImage success.
[14:27:44.663] Save SubImage success.
[15:06:26.503] Save SubImage success.
[15:06:29.954] Save SubImage success.
[15:06:33.409] Save SubImage success.
[15:06:36.866] Save SubImage success.
[15:06:39.791] Save SubImage success.
[15:06:43.243] Save SubImage success.
[15:06:46.678] Save SubImage success.
[15:06:50.113] Save SubImage success.
[15:06:53.058] Save SubImage success.
[15:06:56.498] Save SubImage success.
[15:06:59.952] Save SubImage success.
[15:07:03.394] Save SubImage success.
[15:07:06.324] Save SubImage success.
[15:09:40.219] Save SubImage success.
[15:39:53.689] Save SubImage success.
[15:39:57.133] Save SubImage success.
[15:40:00.600] Save SubImage success.
[15:40:04.112] Save SubImage success.
[15:40:07.567] Save SubImage success.
[15:40:11.046] Save SubImage success.
[15:40:14.514] Save SubImage success.
[15:40:18.041] Save SubImage success.
[15:40:21.496] Save SubImage success.
[15:40:24.953] Save SubImage success.
[15:43:08.798] Save SubImage success.
[15:43:12.248] Save SubImage success.
[15:43:15.704] Save SubImage success.
[15:43:19.149] Save SubImage success.
[15:43:22.592] Save SubImage success.
[15:43:26.028] Save SubImage success.
[15:43:29.469] Save SubImage success.
[15:43:32.913] Save SubImage success.
[15:43:36.358] Save SubImage success.
[15:43:39.797] Save SubImage success.
[15:46:26.428] Save SubImage success.
[15:46:29.851] Save SubImage success.
[15:46:33.271] Save SubImage success.
[15:46:36.684] Save SubImage success.
[15:46:40.106] Save SubImage success.
[15:46:43.525] Save SubImage success.
[15:46:46.946] Save SubImage success.
[15:46:50.365] Save SubImage success.
[15:46:53.785] Save SubImage success.
[15:46:57.214] Save SubImage success.
[15:47:26.798] Save SubImage success.
[15:47:30.225] Save SubImage success.
[15:47:33.643] Save SubImage success.
[15:47:37.057] Save SubImage success.
[15:47:40.474] Save SubImage success.
[15:47:43.899] Save SubImage success.
[15:47:47.337] Save SubImage success.
[15:47:50.751] Save SubImage success.
[15:47:54.175] Save SubImage success.
[15:47:57.602] Save SubImage success.
[16:20:59.911] Save SubImage success.
[16:21:02.869] Save SubImage success.
[16:21:05.828] Save SubImage success.
[16:21:08.791] Save SubImage success.
[16:21:11.755] Save SubImage success.
[16:21:14.706] Save SubImage success.
[16:21:17.674] Save SubImage success.
[16:21:20.600] Save SubImage success.
[16:21:23.538] Save SubImage success.
[16:21:26.520] Save SubImage success.
[16:21:29.473] Save SubImage success.
[16:21:32.414] Save SubImage success.
[16:21:35.364] Save SubImage success.
[16:21:38.303] Save SubImage success.
[16:21:41.307] Save SubImage success.
[16:21:44.258] Save SubImage success.
[16:21:47.215] Save SubImage success.
[16:21:50.156] Save SubImage success.
[16:21:53.099] Save SubImage success.
[16:21:56.042] Save SubImage success.
[16:21:58.978] Save SubImage success.
[16:22:01.942] Save SubImage success.
[16:22:04.877] Save SubImage success.
[16:22:07.825] Save SubImage success.
[16:22:10.778] Save SubImage success.
[16:22:13.720] Save SubImage success.
[16:22:16.683] Save SubImage success.
[16:22:19.649] Save SubImage success.
[16:22:22.597] Save SubImage success.
[16:22:25.544] Save SubImage success.
[16:22:28.490] Save SubImage success.
[16:22:31.434] Save SubImage success.
[16:22:34.392] Save SubImage success.
[16:22:37.326] Save SubImage success.
[16:22:40.260] Save SubImage success.
[16:22:43.207] Save SubImage success.
[16:22:46.160] Save SubImage success.
[16:22:49.110] Save SubImage success.
[16:22:52.060] Save SubImage success.
[16:22:55.000] Save SubImage success.
[16:22:57.945] Save SubImage success.
[16:23:00.899] Save SubImage success.
[16:23:03.849] Save SubImage success.
[16:23:06.794] Save SubImage success.
[16:23:09.744] Save SubImage success.
[16:23:12.688] Save SubImage success.
[16:23:15.651] Save SubImage success.
[16:23:18.596] Save SubImage success.
[16:23:21.543] Save SubImage success.
[16:23:24.481] Save SubImage success.
[16:23:27.425] Save SubImage success.
[16:23:30.390] Save SubImage success.
[16:23:33.358] Save SubImage success.
[16:23:36.309] Save SubImage success.
[16:23:39.250] Save SubImage success.
[16:23:42.193] Save SubImage success.
[16:23:45.143] Save SubImage success.
[16:23:48.076] Save SubImage success.
[16:23:51.071] Save SubImage success.
[16:23:54.012] Save SubImage success.
[16:23:56.959] Save SubImage success.
[16:23:59.908] Save SubImage success.
[16:24:02.851] Save SubImage success.
[16:24:05.793] Save SubImage success.
[16:24:08.786] Save SubImage success.
[16:24:11.736] Save SubImage success.
[16:24:14.678] Save SubImage success.
[16:24:17.616] Save SubImage success.
[16:24:20.576] Save SubImage success.
[16:24:23.522] Save SubImage success.
[16:24:26.495] Save SubImage success.
[16:24:29.431] Save SubImage success.
[16:24:32.400] Save SubImage success.
[16:24:35.350] Save SubImage success.
[16:24:38.329] Save SubImage success.
[16:24:41.281] Save SubImage success.
[16:24:44.240] Save SubImage success.
[16:24:47.191] Save SubImage success.
[16:24:50.147] Save SubImage success.
[16:24:53.098] Save SubImage success.
[16:24:56.037] Save SubImage success.
[16:24:58.983] Save SubImage success.
[16:25:01.941] Save SubImage success.
[16:25:04.884] Save SubImage success.
[16:25:07.830] Save SubImage success.
[16:25:10.777] Save SubImage success.
[16:25:13.731] Save SubImage success.
[16:25:16.682] Save SubImage success.
[16:25:19.664] Save SubImage success.
[16:25:22.615] Save SubImage success.
[16:25:25.578] Save SubImage success.
[16:25:28.522] Save SubImage success.
[16:25:31.473] Save SubImage success.
[16:25:34.420] Save SubImage success.
[16:25:37.394] Save SubImage success.
[16:25:40.332] Save SubImage success.
[16:25:43.273] Save SubImage success.
[16:25:46.215] Save SubImage success.
[16:25:49.163] Save SubImage success.
[16:25:52.114] Save SubImage success.
[16:26:01.726] Save SubImage success.
[16:26:05.154] Save SubImage success.
[16:26:08.078] Save SubImage success.
[16:26:11.020] Save SubImage success.
[16:26:13.960] Save SubImage success.
[16:26:16.889] Save SubImage success.
[16:26:19.815] Save SubImage success.
[16:26:22.755] Save SubImage success.
[16:26:25.691] Save SubImage success.
[16:26:28.618] Save SubImage success.
[16:26:31.560] Save SubImage success.
[16:26:34.494] Save SubImage success.
[16:26:37.434] Save SubImage success.
[16:26:40.375] Save SubImage success.
[16:26:43.301] Save SubImage success.
[16:26:46.223] Save SubImage success.
[16:26:49.148] Save SubImage success.
[16:26:52.077] Save SubImage success.
[16:26:55.057] Save SubImage success.
[16:26:57.987] Save SubImage success.
[16:27:00.918] Save SubImage success.
[16:27:03.846] Save SubImage success.
[16:27:17.425] Save SubImage success.
[16:27:20.850] Save SubImage success.
[16:31:14.745] Save SubImage success.
[16:31:18.207] Save SubImage success.
[16:31:21.671] Save SubImage success.
[16:31:25.112] Save SubImage success.
[16:32:27.378] Save SubImage success.
[16:32:30.331] Save SubImage success.
[16:32:33.300] Save SubImage success.
[16:32:36.243] Save SubImage success.
[16:32:39.198] Save SubImage success.
[16:32:42.143] Save SubImage success.
[16:32:45.078] Save SubImage success.
[16:32:48.026] Save SubImage success.
[16:32:50.991] Save SubImage success.
[16:32:53.921] Save SubImage success.
[16:32:56.865] Save SubImage success.
[16:32:59.800] Save SubImage success.
[16:33:02.750] Save SubImage success.
[16:33:05.705] Save SubImage success.
[16:33:08.638] Save SubImage success.
[16:33:11.573] Save SubImage success.
[16:33:14.522] Save SubImage success.
[16:33:17.480] Save SubImage success.
[16:35:46.443] Save SubImage success.
[16:35:49.872] Save SubImage success.
[16:35:53.322] Save SubImage success.
[16:35:56.748] Save SubImage success.
[16:36:00.185] Save SubImage success.
[16:36:03.608] Save SubImage success.
[16:36:07.060] Save SubImage success.
[16:36:10.487] Save SubImage success.
[16:36:13.928] Save SubImage success.
[16:36:17.357] Save SubImage success.
[16:36:42.404] Save SubImage success.
[16:36:45.841] Save SubImage success.
[16:36:49.292] Save SubImage success.
[16:36:52.718] Save SubImage success.
[16:36:56.168] Save SubImage success.
[16:36:59.601] Save SubImage success.
[16:37:03.042] Save SubImage success.
[16:37:06.479] Save SubImage success.
[16:37:09.908] Save SubImage success.
[16:37:13.351] Save SubImage success.
[22:29:52.304] Save SubImage success.
[22:29:55.763] Save SubImage success.
[22:29:58.900] Image Matching Fail
[22:29:59.245] Save SubImage success.
[22:30:02.713] Save SubImage success.
[22:30:06.170] Save SubImage success.
[22:30:09.671] Save SubImage success.
[22:30:13.125] Save SubImage success.
[22:30:16.278] Image Matching Fail
[22:30:16.630] Save SubImage success.
[22:30:20.074] Save SubImage success.
[22:30:23.518] Save SubImage success.
[22:33:10.613] Save SubImage success.
[22:33:14.047] Save SubImage success.
[22:33:17.179] Image Matching Fail
[22:33:17.523] Save SubImage success.
[22:33:20.977] Save SubImage success.
[22:33:24.426] Save SubImage success.
[22:33:27.887] Save SubImage success.
[22:33:31.351] Save SubImage success.
[22:33:34.482] Image Matching Fail
[22:33:34.835] Save SubImage success.
[22:33:38.273] Save SubImage success.
[22:33:41.713] Save SubImage success.
[22:35:44.404] Save SubImage success.
[22:35:47.848] Save SubImage success.
[22:35:50.967] Image Matching Fail
[22:35:51.315] Save SubImage success.
[22:35:54.752] Save SubImage success.
[22:35:58.199] Save SubImage success.
[22:36:01.643] Save SubImage success.
[22:36:05.096] Save SubImage success.
[22:36:08.232] Image Matching Fail
[22:36:08.588] Save SubImage success.
[22:36:12.032] Save SubImage success.
[22:36:15.483] Save SubImage success.
[22:39:10.701] Save SubImage success.
[22:39:14.166] Save SubImage success.
[22:39:17.299] Image Matching Fail
[22:39:17.643] Save SubImage success.
[22:39:21.090] Save SubImage success.
[22:39:24.543] Save SubImage success.
[22:39:27.992] Save SubImage success.
[22:39:31.437] Save SubImage success.
[22:39:34.570] Image Matching Fail
[22:39:34.929] Save SubImage success.
[22:39:38.369] Save SubImage success.
[22:39:41.818] Save SubImage success.
