[09:48:13.727] Save SubImage success.
[11:10:17.897] Save SubImage success.
[11:20:12.122] Save SubImage success.
[11:20:16.199] Save SubImage success.
[11:20:20.162] Save SubImage success.
[11:20:24.070] Save SubImage success.
[11:20:28.006] Save SubImage success.
[11:20:32.047] Save SubImage success.
[11:20:35.972] Save SubImage success.
[11:20:40.073] Save SubImage success.
[11:20:44.106] Save SubImage success.
[11:20:48.140] Save SubImage success.
[11:23:52.543] Save SubImage success.
[11:23:57.089] Save SubImage success.
[11:24:01.540] Save SubImage success.
[11:24:05.939] Save SubImage success.
[11:25:27.195] Save SubImage success.
[11:25:31.193] Save SubImage success.
[11:25:35.013] Save SubImage success.
[11:25:38.807] Save SubImage success.
[11:25:42.614] Save SubImage success.
[11:25:46.542] Save SubImage success.
[11:25:50.330] Save SubImage success.
[11:25:54.328] Save SubImage success.
[11:25:58.238] Save SubImage success.
[11:26:02.139] Save SubImage success.
[11:32:10.339] Save SubImage success.
[11:32:14.313] Save SubImage success.
[13:03:35.517] Save SubImage success.
[13:03:39.473] Save SubImage success.
[13:03:43.287] Save SubImage success.
[13:03:47.116] Save SubImage success.
[13:03:50.942] Save SubImage success.
[13:03:54.871] Save SubImage success.
[13:03:58.667] Save SubImage success.
[13:04:02.641] Save SubImage success.
[13:04:06.542] Save SubImage success.
[13:04:10.463] Save SubImage success.
[13:04:26.045] Save SubImage success.
[13:28:45.284] 카메라 파라미터 적용 완료
[13:28:45.285] 카메라 파라미터 저장 완료
[13:32:57.297] Failed to open the port. : System.UnauthorizedAccessException: 'COM3' 포트에 대한 액세스가 거부되었습니다.
   위치: System.IO.Ports.InternalResources.WinIOError(Int32 errorCode, String str)
   위치: System.IO.Ports.SerialStream..ctor(String portName, Int32 baudRate, Parity parity, Int32 dataBits, StopBits stopBits, Int32 readTimeout, Int32 writeTimeout, Handshake handshake, Boolean dtrEnable, Boolean rtsEnable, Boolean discardNull, Byte parityReplace)
   위치: System.IO.Ports.SerialPort.Open()
   위치: LG_Chem.Device.Light.LightSerialCom.PortOpen() 파일 D:\LG Chem\LG_Chem\Device\Light\LightSerialCom.cs:줄 71
[13:33:05.170] Serial Com COM3 not open.
[13:33:05.170] Serial Com COM3 not open.
[13:33:34.635] 카메라 파라미터 적용 완료
[13:33:34.636] 카메라 파라미터 저장 완료
[13:33:41.041] 카메라 파라미터 적용 완료
[13:33:41.041] 카메라 파라미터 저장 완료
[13:33:51.650] Save SubImage success.
[13:50:42.397] 카메라 파라미터 적용 완료
[13:50:42.398] 카메라 파라미터 저장 완료
[14:03:44.782] Image Matching Fail
[14:03:45.596] Save SubImage success.
[14:03:48.698] Image Matching Fail
[14:03:49.007] Save SubImage success.
[14:03:52.116] Image Matching Fail
[14:03:52.374] Save SubImage success.
[14:03:55.495] Image Matching Fail
[14:03:55.828] Save SubImage success.
[14:03:58.934] Image Matching Fail
[14:03:59.245] Save SubImage success.
[14:04:02.348] Image Matching Fail
[14:04:02.657] Save SubImage success.
[14:04:05.779] Image Matching Fail
[14:04:06.052] Save SubImage success.
[14:05:22.827] Image Matching Fail
[14:05:23.085] Save SubImage success.
[14:05:26.224] Image Matching Fail
[14:05:26.466] Save SubImage success.
[14:07:12.928] 카메라 파라미터 적용 완료
[14:07:12.928] 카메라 파라미터 저장 완료
[14:07:25.073] Save SubImage success.
[14:07:28.497] Save SubImage success.
[14:07:31.839] Save SubImage success.
[14:07:35.170] Save SubImage success.
[14:07:38.529] Save SubImage success.
[14:07:41.866] Save SubImage success.
[14:07:45.255] Save SubImage success.
[14:07:48.616] Save SubImage success.
[14:07:51.959] Save SubImage success.
[14:07:55.292] Save SubImage success.
[14:08:20.125] Save SubImage success.
[14:08:41.996] Save SubImage success.
[14:08:45.332] Save SubImage success.
[14:08:48.660] Save SubImage success.
[14:08:52.092] Save SubImage success.
[14:08:55.412] Save SubImage success.
[14:08:58.731] Save SubImage success.
[14:09:02.059] Save SubImage success.
[14:09:05.483] Save SubImage success.
[14:09:08.803] Save SubImage success.
[14:09:12.145] Save SubImage success.
[14:09:23.479] Save SubImage success.
[14:09:26.808] Save SubImage success.
[14:09:30.159] Save SubImage success.
[14:09:33.504] Save SubImage success.
[14:09:36.825] Save SubImage success.
[14:09:40.164] Save SubImage success.
[14:09:43.484] Save SubImage success.
[14:09:46.823] Save SubImage success.
[14:09:50.149] Save SubImage success.
[14:09:53.581] Save SubImage success.
[14:15:14.146] Save SubImage success.
[14:15:17.490] Save SubImage success.
[14:15:20.841] Save SubImage success.
[14:15:24.179] Save SubImage success.
[14:15:27.504] Save SubImage success.
[14:15:30.859] Save SubImage success.
[14:15:34.193] Save SubImage success.
[14:15:37.628] Save SubImage success.
[14:15:40.955] Save SubImage success.
[14:15:44.390] Save SubImage success.
[14:40:36.715] Save SubImage success.
[14:40:40.072] Save SubImage success.
[14:40:43.409] Save SubImage success.
[14:40:46.748] Save SubImage success.
[14:40:50.082] Save SubImage success.
[14:40:53.427] Save SubImage success.
[14:40:56.774] Save SubImage success.
[14:41:00.115] Save SubImage success.
[14:41:03.451] Save SubImage success.
[14:41:06.806] Save SubImage success.
[14:41:27.699] Save SubImage success.
